add-files-to-archive tap-create
add-folder-to-archive
application-exit exit gtk-quit xfce-system-exit
appointment-new appointment stock_new-appointment
bookmark-new bookmark_add bookmark-add bookmark_list_add stock_add-bookmark stock_help-add-bookmark bookmarks_list_add stock_thunar-shortcuts
call-stop call-end
contact-new stock_new-bcard
dialog-apply gtk-apply stock_calc-accept stock_mail-filters-apply stock_mark
dialog-ok gtk-ok ok games-endturn
document-import document-import-ocal
document-new file_new gtk-new stock_new-text filenew gtk-file
document-open fileopen gtk-open gimp-image-open
document-open-recent system-file-progress-panel nautilus-progress-info-panel system-file-manager-panel
document-page-setup stock_print-setup gtk-page-setup
document-print fileprint gtk-print stock_print
document-print-preview gtk-print-preview preview-file stock_print-preview filequickprint
document-properties bonobo-component-browser gtk-properties stock_file-properties stock_folder-properties stock_properties stock_file-properites
document-revert gtk-revert-to-saved-ltr gtk-revert-to-saved-rtl revert
document-save filesave gtk-save stock_save browser-download
document-save-as filesaveas gtk-save-as stock_save-as
document-save-all geany-save-all
document-send blueman-send-file send-to
edit-clear editclear gtk-clear locationbar-erase
edit-copy editcopy gtk-copy stock_copy xml-node-duplicate
edit-cut editcut gtk-cut stock_cut
edit-paste editpaste gtk-paste stock_paste
edit-find filefind find gtk-find stock_search
edit-find-replace gtk-find-and-replace stock_search-and-replace
edit-redo edit-undo-rtl gtk-redo-ltr redo stock_redo
edit-select-all gtk-select-all stock_select-all
edit-undo edit-redo-rtl gtk-undo-ltr undo stock_undo
extract-archive cab_extract tap-extract-to tap-extract
format-indent-less format-indent-more-rtl gnome-stock-text-unindent gtk-indent-rtl gtk-unindent-ltr stock_text_unindent
format-indent-more format-indent-less-rtl gnome-stock-text-indent gtk-indent-ltr gtk-unindent-rtl stock_text_indent
format-justify-center centrejust gtk-justify-center stock_text_center
format-justify-fill gtk-justify-fill stock_text_justify
format-justify-left leftjust gtk-justify-left stock_text_left
format-justify-right rightjust gtk-justify-right stock_text_right
format-text-bold gtk-bold stock_text_bold text_bold
format-text-direction-ltr gimp-text-dir-ltr
format-text-direction-rtl gimp-text-dir-rtl
format-text-italic gtk-italic stock_text_italic text_italic
format-text-strikethrough gtk-strikethrough stock_text-strikethrough text_strike
format-text-underline gtk-underline stock_text_underlined text_under
folder-new folder_new stock_new-dir
folder-copy stock_folder-copy
folder-move stock_folder-move
gnome-app-install-star rhythmbox-set-star star
go-bottom bottom gtk-goto-bottom stock_bottom
go-down gtk-go-down stock_down down
go-first go-last-rtl gtk-goto-first-ltr gtk-goto-last-rtl start stock_first
go-home gohome gtk-home kfm-home redhat-home stock_home kfm_home
go-jump gtk-jump-to-ltr gtk-jump-to-rtl location
go-last go-first-rtl finish gtk-goto-first-rtl gtk-goto-last-ltr stock_last
go-next go-previous-rtl forward gtk-go-back-rtl gtk-go-forward-ltr next stock_right meld-change-apply-right media-playlist-consecutive
go-previous go-next-rtl back gtk-go-back-ltr gtk-go-forward-rtl previous stock_left meld-change-apply-left media-playlist-consecutive-rtl
go-top top gtk-goto-top stock_top
go-up gtk-go-up stock_up up
help-about gtk-info gtk-info gnome-about-logo dialog-information gimp-info
gtk-no dialog-no stock_no
gtk-yes dialog-yes stock_yes
help-about gtk-about stock_about
help-contents gtk-help help help-faq help-browser stock_help
insert-text draw-text xml-text-new gimp-tool-text
list-add add edit-add gtk-add meld-change-copy xml-element-new
list-remove remove gtk-remove edit-delete editdelete gtk-delete stock_delete meld-change-delete xml-node-delete xml-attribute-delete
mail-attachment stock_attach
mail-inbox stock_inbox
mail-forward stock_mail-forward gnome-stock-mail-fwd mail_forward
mail-mark-important
mail-mark-junk mail_spam stock_spam
mail-mark-notjunk mail-mark-not-junk
mail-mark-read mail-read xfce-nomail
mail-message-new gnome-stock-mail-new mail_new stock_mail-compose mail-mark-read mimetypes:message applications-email-panel xfce-newmail mail-mark-unread mail-unread
mail-outbox stock_outbox
mail-reply-sender gnome-stock-mail-rpl mail_reply stock_mail-reply mail-replied
mail-reply-all mail_replyall stock_mail-reply-to-all
mail-send gnome-stock-mail-snd mail_send stock_mail-send mail-sent mail-folder-sent stock_sent-mail internet-mail
mail-send-receive stock_mail-send-receive
media-eject player-eject ejecter
media-import-audio-cd stock_xfburn-import-session
media-optical-audio-new audio-cd-new stock_xfburn-audio-cd
media-optical-blank stock_xfburn-blank-cdrw
media-optical-burn iso-image-burn media-write-cd stock_xfburn stock_xfburn-burn-cd
media-optical-copy audio-cd-duplicate stock_xfburn-data-copy
media-optical-data-new stock_xfburn-new-data-composition
media-optical-video-new
media-playback-pause gtk-media-pause player_pause stock_media-pause
media-playback-start gtk-media-play-ltr player_play stock_media-play
media-playback-stop gtk-media-stop player_stop stock_media-stop
media-playlist-repeat stock_repeat
media-playlist-shuffle stock_shuffle
media-record gtk-media-record player_record stock_media-rec
media-seek-forward media-seek-backward-rtl gtk-media-rewind-rtl player_fwd stock_media-fwd
media-seek-backward media-seek-forward-rtl gtk-media-forward-rtl gtk-media-forward-ltr gtk-media-rewind-ltr player_rew stock_media-rew
media-skip-forward media-skip-backward-rtl gtk-media-next-ltr gtk-media-previous-rtl player_end stock_media-next
media-skip-backward media-skip-forward-rtl gtk-media-next-rtl gtk-media-previous-ltr player_start stock_media-prev
object-flip-horizontal gimp-flip-horizontal
object-flip-vertical gimp-flip-vertical
object-rotate-left gimp-rotate-270
object-rotate-right rotate gimp-rotate-90 gimp-rotate-180
action-unavailable process-stop gtk-cancel gtk-stop stock_stop stop
system-shutdown-restart-panel system-shutdown-panel-restart
system-restart gnome-session-reboot un-reboot xfsm-reboot system-reboot
system-log-out gnome-log-out gnome-logout gnome-session-logout xfsm-logout lxde-logout gnome-logout
system-lock-screen gnome-lockscreen xfce-system-lock
system-shutdown system-shutdown-panel xfce-system-exit gnome-shutdown
system-hibernate gnome-session-hibernate system-suspend-hibernate xfsm-hibernate
system-suspend gnome-session-suspend gnome-session-sleep sleep xfsm-suspend
system-switch-user gnome-session-switch xfsm-switch
system-run gnome-run gtk-execute bonobo-component-browser gimp-tools application-menu
system-build geany-build
system-search gnome-searchtool kfind search catfish preferences-system-search
tab-new tab_new stock_new-tab
tools-check-spelling gtk-spell-check stock_spellcheck
view-fullscreen gtk-fullscreen stock_fullscreen window_fullscreen
view-list-icons pack-less
view-restore gtk-leave-fullscreen stock_leave-fullscreen window_nofullscreen
view-refresh stock-refresh reload_page reload_all_tabs reload3 reload gtk-refresh stock_refresh
view-sort-ascending gtk-sort-ascending
view-sort-descending gtk-sort-descending
window-close gtk-close stock_close geany-close-all paint-none gimp-close
window-new window_new stock_new-window
zoom-in gtk-zoom-in stock_zoom-in viewmag+
zoom-out gtk-zoom-out stock_zoom-out viewmag-
zoom-original gtk-zoom-100 stock_zoom-1 viewmag1
zoom-fit zoom-best-fit zoom-fit-best gtk-zoom-fit stock_zoom-page viewmagfit zoom sticky_zoom gimp-tool-zoom system-search  gnome-searchtool kfind search catfish preferences-system-search
paint-solid object-fill
draw-rectangle object-stroke
view-left-close gtk-index
view-page-facing view-dual
media-playlist-repeat-song media-playlist-repeat-song-rtl
zoom-fit-page zoom-fit-best
object-visible eye gimp-visible
view-page-continuous view-continuous
exchange-positions exchange-positions-zorder exchange-positions-clockwise
font-select dialog-text-and-font gtk-select-font
object-hidden user-not-tracked
draw-eraser gimp-tool-eraser
dialog-align-and-distribute gimp-tool-align
tool-tweak gimp-tool-warp
image-crop gimp-tool-crop
draw-path gimp-tool-path
tool-measure gimp-tool-measure
color-fill gimp-tool-bucket-fill
paint-gradient-linear gimp-gradient-linear gimp-tool-blend
paint-gradient-radial gimp-gradient-radial
dialog-layers gimp-layers
stock_filters-invert gimp-invert
edit-undo-history gimp-undo-history
grid-rectangular gimp-grid
tool-pointer gimp-cursor
edit-paste-in-place gimp-paste-into
dialog-input-devices gimp-input-device
edit-duplicate gimp-duplicate
stroke-join-miter gimp-join-miter
stroke-join-bevel gimp-join-bevel
stroke-join-round gimp-join-round
stroke-cap-butt gimp-cap-butt
stroke-cap-round gimp-cap-round
stroke-cap-square gimp-cap-square
draw-ellipse gimp-shape-circle
draw-rectangle gimp-shape-square
open-menu gimp-menu-right gimp-menu-left
view-continuous view-page-continuous
zoom-fit-best zoom-fit-page
color-select color-picker preferences-color gtk-select-color gimp-tool-color-picker gtk-color-picker
edit-find filefind find gtk-find stock_search system-search
view-dual view-page-facing
gimp-tool-by-color-select color-management
stock_connect online
stock_disconnect  offline
stock_text-monospaced
stock_people stock_new-meeting
find-location xc_crosshair
path-mode-bezier gimp-paths
gimp-wilber gimp-wilber-outline
draw-cuboid gimp-tool-perspective
paint-pattern gimp-pattern
dialog-templates gimp-template
gtk-orientation-landscape gimp-landscape
gtk-orientation-portrait gimp-portrait
unlock screensaver-unlock
vc-add vc-add-24
vc-checkout vc-checkout-24
vc-commit vc-commit-24
vc-push vc-push-24
vc-remove vc-remove-24
vc-resolve vc-resolve-24
vc-update vc-update-24
filter-normal filter-normal-24
filter-nonvc filter-nonvc-24
filter-modified filter-modified-24
filter-ignored filter-ignored-24
