bookmark-missing gnome-fs-bookmark-missing
distributor-logo-archlinux archlinux-logo start-here-archlinux
distributor-logo-debian debian-logo start-here-debian
distributor-logo-fedora fedora-logo fedora-logo-icon start-here-fedora
distributor-logo-frugalware frugalware-logo start-here-frugalware
distributor-logo-gentoo start-here-gentoo
distributor-logo-linux-mint start-here-linux-mint
distributor-logo-mandriva mandriva-logo start-here-mandriva
distributor-logo-opensuse opensuse-logo start-here-opensuse
distributor-logo-slackware start-here-slackware
distributor-logo-ubuntu ubuntu-logo distributor-logo gnome-main-menu novell-button start-here-ubuntu
folder-art
folder-backup
folder-development
folder-documents
folder-download folder_download folder-downloads
folder-dropbox
folder-gnome
folder gnome-fs-directory stock_folder gtk-directory inode-directory
folder-locked
folder-music
folder-open folder-drag-accept folder_open gnome-fs-directory-accept gtk-directory stock_open
folder-pictures folder_pictures folder-images folder_images user-pictures user-images
folder-printers
folder-publicshare
folder-recent actions:document-open-recent
folder-remote network gnome-fs-blockdev gnome-fs-network gnome-fs-share folder-remote-ftp gnome-fs-ftp folder-remote-ssh gnome-fs-ssh folder-remote-nfs gnome-fs-nfs devices:nfs devices:network_fs gnome-fs-dav folder-remote-smb gnome-fs-smb devices:samba gnome-mime-x-directory-smb-share user-share apps:shares
folder-saved-search application-x-gnome-saved-search
folder-system
folder-tar
folder-templates
folder-torrent
folder-ubuntu
folder-videos
folder-wine
network-server gnome-fs-server gnome-mime-x-directory-nfs-server gnome-mime-x-directory-smb-server redhat-network-server server apps:gnome-network-properties
network-workgroup gnome-mime-x-directory-smb-workgroup gtk-network network_local devices:gnome-dev-network apps:pyneighborhood_48x48 apps:preferences-system-network xfce4-netload-plugin
user-bookmarks gnome-fs-bookmark actions:stock_bookmark
user-desktop desktop gnome-fs-desktop emblems:emblem-desktop
user-home folder-home folder_home gnome-fs-home
user-trash emptytrash gnome-fs-trash-empty gnome-stock-trash trashcan_empty xfce-trash_empty
start-here-gnome start-here
start-here-gnome-symbolic start-here-symbolic
start-here-xfce apps:xfce4-whiskermenu apps:xfce4-panel-menu
